\BOOKMARK [0][-]{chapter.1}{Background and Motivation}{}% 1
\BOOKMARK [1][-]{section.1.1}{Context}{chapter.1}% 2
\BOOKMARK [1][-]{section.1.2}{The Problem}{chapter.1}% 3
\BOOKMARK [1][-]{section.1.3}{Objectives}{chapter.1}% 4
\BOOKMARK [0][-]{chapter.2}{Research Question}{}% 5
\BOOKMARK [1][-]{section.2.1}{Problem Introduction}{chapter.2}% 6
\BOOKMARK [1][-]{section.2.2}{Research Question}{chapter.2}% 7
\BOOKMARK [1][-]{section.2.3}{Hypothesis and Approach}{chapter.2}% 8
\BOOKMARK [0][-]{chapter.3}{Literature Review}{}% 9
\BOOKMARK [1][-]{section.3.1}{Air pollution and pollutants}{chapter.3}% 10
\BOOKMARK [1][-]{section.3.2}{Tomographic algorithms and reconstruction techniques}{chapter.3}% 11
\BOOKMARK [2][-]{subsection.3.2.1}{Introduction}{section.3.2}% 12
\BOOKMARK [2][-]{subsection.3.2.2}{Initial Considerations}{section.3.2}% 13
\BOOKMARK [2][-]{subsection.3.2.3}{The Fourier Slice Theorem}{section.3.2}% 14
\BOOKMARK [2][-]{subsection.3.2.4}{The Filtered BackProjection Algorithm}{section.3.2}% 15
\BOOKMARK [1][-]{section.3.3}{DOAS}{chapter.3}% 16
\BOOKMARK [1][-]{section.3.4}{DOAS tomography}{chapter.3}% 17
\BOOKMARK [0][-]{chapter.4}{Research Methodology}{}% 18
\BOOKMARK [1][-]{section.4.1}{Aimed contribution}{chapter.4}% 19
\BOOKMARK [1][-]{section.4.2}{Detailed work plan and scheduling}{chapter.4}% 20
\BOOKMARK [1][-]{section.4.3}{Validation methodology}{chapter.4}% 21
\BOOKMARK [1][-]{section.4.4}{Integration with other research activities}{chapter.4}% 22
\BOOKMARK [0][-]{section*.19}{Bibliography}{}% 23
