\BOOKMARK [0][-]{section*.5}{Acronyms}{}% 1
\BOOKMARK [0][-]{chapter.1}{Introduction}{}% 2
\BOOKMARK [1][-]{section.1.1}{Background, Motivation and Starting Points}{chapter.1}% 3
\BOOKMARK [2][-]{subsection.1.1.1}{Introduction}{section.1.1}% 4
\BOOKMARK [2][-]{subsection.1.1.2}{Context}{section.1.1}% 5
\BOOKMARK [1][-]{section.1.2}{Problem Introduction}{chapter.1}% 6
\BOOKMARK [1][-]{section.1.3}{Literature review}{chapter.1}% 7
\BOOKMARK [2][-]{subsection.1.3.1}{Tomography}{section.1.3}% 8
\BOOKMARK [2][-]{subsection.1.3.2}{DOAS}{section.1.3}% 9
\BOOKMARK [2][-]{subsection.1.3.3}{DOAS Tomography}{section.1.3}% 10
\BOOKMARK [1][-]{section.1.4}{Research Questions}{chapter.1}% 11
\BOOKMARK [1][-]{section.1.5}{Hypothesis}{chapter.1}% 12
\BOOKMARK [1][-]{section.1.6}{Methods and Findings}{chapter.1}% 13
\BOOKMARK [1][-]{section.1.7}{Layout}{chapter.1}% 14
\BOOKMARK [0][-]{chapter.2}{Literature Review}{}% 15
\BOOKMARK [1][-]{section.2.1}{AP}{chapter.2}% 16
\BOOKMARK [2][-]{subsection.2.1.1}{AP Effects on Human Health}{section.2.1}% 17
\BOOKMARK [2][-]{subsection.2.1.2}{AP effects on ecosystems}{section.2.1}% 18
\BOOKMARK [2][-]{subsection.2.1.3}{AP Sources}{section.2.1}% 19
\BOOKMARK [2][-]{subsection.2.1.4}{Detecting and Monitoring AP}{section.2.1}% 20
\BOOKMARK [1][-]{section.2.2}{DOAS}{chapter.2}% 21
\BOOKMARK [1][-]{section.2.3}{Tomographic algorithms and reconstruction techniques}{chapter.2}% 22
\BOOKMARK [2][-]{subsection.2.3.1}{Introduction}{section.2.3}% 23
\BOOKMARK [2][-]{subsection.2.3.2}{Initial Considerations}{section.2.3}% 24
\BOOKMARK [2][-]{subsection.2.3.3}{The Fourier Slice Theorem}{section.2.3}% 25
\BOOKMARK [2][-]{subsection.2.3.4}{The Filtered BackProjection Algorithm}{section.2.3}% 26
\BOOKMARK [1][-]{section.2.4}{DOAS Tomography}{chapter.2}% 27
\BOOKMARK [0][-]{chapter.3}{Methods}{}% 28
\BOOKMARK [1][-]{section.3.1}{Tomosim}{chapter.3}% 29
\BOOKMARK [2][-]{subsection.3.1.1}{Discretisation}{section.3.1}% 30
\BOOKMARK [2][-]{subsection.3.1.2}{Phantoms}{section.3.1}% 31
\BOOKMARK [2][-]{subsection.3.1.3}{Error Estimation}{section.3.1}% 32
\BOOKMARK [1][-]{section.3.2}{The Experiment}{chapter.3}% 33
\BOOKMARK [1][-]{section.3.3}{Section Objectives}{chapter.3}% 34
\BOOKMARK [1][-]{section.3.4}{Questions the readers should be able to answer once they've read the section}{chapter.3}% 35
\BOOKMARK [1][-]{section.3.5}{How was the question answered?}{chapter.3}% 36
\BOOKMARK [1][-]{section.3.6}{Detailed presentation of projection-based hypothesis}{chapter.3}% 37
\BOOKMARK [1][-]{section.3.7}{Calculation of Projections}{chapter.3}% 38
\BOOKMARK [0][-]{chapter.4}{Discussion}{}% 39
\BOOKMARK [0][-]{section*.70}{Bibliography}{}% 40
\BOOKMARK [0][-]{section*.71}{Appendix}{}% 41
\BOOKMARK [0][-]{appendix.A}{Systematic Review of DOAS Tomography}{}% 42
\BOOKMARK [0][-]{appendix.B}{Forest Fire Finder: DOAS application to long-range forest fire detection}{}% 43
\BOOKMARK [0][-]{appendix.C}{TomoSim: a tomographic simulator for Differential Optical Absorption Spectroscopy}{}% 44
